
Randomized with seed 13240

Tasks API
  GET /tasks/:id
    return status code 200 (FAILED - 1)
    return the json for task (FAILED - 2)
  GET /tasks
    return status code 200
    return 5 tasks from database

Failures:

  1) Tasks API GET /tasks/:id return status code 200
     Failure/Error: get "/tasks/#{task.id}", headers: headers, parms: {}

     ArgumentError:
       unknown keyword: parms
     # ./spec/requests/api/v1/tasks_spec.rb:37:in `block (3 levels) in <top (required)>'
     # ./spec/rails_helper.rb:47:in `block (3 levels) in <top (required)>'
     # ./spec/rails_helper.rb:46:in `block (2 levels) in <top (required)>'
     # -e:1:in `<main>'

  2) Tasks API GET /tasks/:id return the json for task
     Failure/Error: get "/tasks/#{task.id}", headers: headers, parms: {}

     ArgumentError:
       unknown keyword: parms
     # ./spec/requests/api/v1/tasks_spec.rb:37:in `block (3 levels) in <top (required)>'
     # ./spec/rails_helper.rb:47:in `block (3 levels) in <top (required)>'
     # ./spec/rails_helper.rb:46:in `block (2 levels) in <top (required)>'
     # -e:1:in `<main>'

Finished in 1.45 seconds (files took 0.30037 seconds to load)
4 examples, 2 failures

Failed examples:

rspec ./spec/requests/api/v1/tasks_spec.rb:40 # Tasks API GET /tasks/:id return status code 200
rspec ./spec/requests/api/v1/tasks_spec.rb:44 # Tasks API GET /tasks/:id return the json for task

Randomized with seed 13240


Randomized with seed 7834

Tasks API
  GET /tasks/:id
    return status code 200 (FAILED - 1)
    return the json for task (FAILED - 2)
  GET /tasks
    return 5 tasks from database
    return status code 200

Failures:

  1) Tasks API GET /tasks/:id return status code 200
     Failure/Error: get "/tasks/#{task.id}", headers: headers, params: {}

     ActionController::RoutingError:
       No route matches [GET] "/tasks/1"
     # ./spec/requests/api/v1/tasks_spec.rb:37:in `block (3 levels) in <top (required)>'
     # ./spec/rails_helper.rb:47:in `block (3 levels) in <top (required)>'
     # ./spec/rails_helper.rb:46:in `block (2 levels) in <top (required)>'
     # -e:1:in `<main>'

  2) Tasks API GET /tasks/:id return the json for task
     Failure/Error: get "/tasks/#{task.id}", headers: headers, params: {}

     ActionController::RoutingError:
       No route matches [GET] "/tasks/2"
     # ./spec/requests/api/v1/tasks_spec.rb:37:in `block (3 levels) in <top (required)>'
     # ./spec/rails_helper.rb:47:in `block (3 levels) in <top (required)>'
     # ./spec/rails_helper.rb:46:in `block (2 levels) in <top (required)>'
     # -e:1:in `<main>'

Finished in 1.45 seconds (files took 0.28012 seconds to load)
4 examples, 2 failures

Failed examples:

rspec ./spec/requests/api/v1/tasks_spec.rb:40 # Tasks API GET /tasks/:id return status code 200
rspec ./spec/requests/api/v1/tasks_spec.rb:44 # Tasks API GET /tasks/:id return the json for task

Randomized with seed 7834


Randomized with seed 42419

Tasks API
  GET /tasks/:id
    return status code 200 (FAILED - 1)
    return the json for task (FAILED - 2)
  GET /tasks
    return 5 tasks from database
    return status code 200

Failures:

  1) Tasks API GET /tasks/:id return status code 200
     Failure/Error: get "/tasks/#{task.id}", headers: headers, params: {}

     AbstractController::ActionNotFound:
       The action 'show' could not be found for Api::V1::TasksController
     # ./spec/requests/api/v1/tasks_spec.rb:37:in `block (3 levels) in <top (required)>'
     # ./spec/rails_helper.rb:47:in `block (3 levels) in <top (required)>'
     # ./spec/rails_helper.rb:46:in `block (2 levels) in <top (required)>'
     # -e:1:in `<main>'

  2) Tasks API GET /tasks/:id return the json for task
     Failure/Error: get "/tasks/#{task.id}", headers: headers, params: {}

     AbstractController::ActionNotFound:
       The action 'show' could not be found for Api::V1::TasksController
     # ./spec/requests/api/v1/tasks_spec.rb:37:in `block (3 levels) in <top (required)>'
     # ./spec/rails_helper.rb:47:in `block (3 levels) in <top (required)>'
     # ./spec/rails_helper.rb:46:in `block (2 levels) in <top (required)>'
     # -e:1:in `<main>'

Finished in 1.79 seconds (files took 0.28763 seconds to load)
4 examples, 2 failures

Failed examples:

rspec ./spec/requests/api/v1/tasks_spec.rb:40 # Tasks API GET /tasks/:id return status code 200
rspec ./spec/requests/api/v1/tasks_spec.rb:44 # Tasks API GET /tasks/:id return the json for task

Randomized with seed 42419


Randomized with seed 27082

Tasks API
  GET /tasks/:id
    return status code 200 (FAILED - 1)
    return the json for task (FAILED - 2)
  GET /tasks
    return status code 200
    return 5 tasks from database

Failures:

  1) Tasks API GET /tasks/:id return status code 200
     Failure/Error: expect(response).to have_http_status(200)
       expected the response to have status code 200 but it was 204
     # ./spec/requests/api/v1/tasks_spec.rb:41:in `block (3 levels) in <top (required)>'
     # ./spec/rails_helper.rb:47:in `block (3 levels) in <top (required)>'
     # ./spec/rails_helper.rb:46:in `block (2 levels) in <top (required)>'
     # -e:1:in `<main>'

  2) Tasks API GET /tasks/:id return the json for task
     Failure/Error: @json_body ||= JSON.parse(response.body, symbolize_names: true)

     JSON::ParserError:
       765: unexpected token at ''
     # ./spec/support/request_spec_helper.rb:3:in `json_body'
     # ./spec/requests/api/v1/tasks_spec.rb:45:in `block (3 levels) in <top (required)>'
     # ./spec/rails_helper.rb:47:in `block (3 levels) in <top (required)>'
     # ./spec/rails_helper.rb:46:in `block (2 levels) in <top (required)>'
     # -e:1:in `<main>'

Finished in 1.13 seconds (files took 0.28149 seconds to load)
4 examples, 2 failures

Failed examples:

rspec ./spec/requests/api/v1/tasks_spec.rb:40 # Tasks API GET /tasks/:id return status code 200
rspec ./spec/requests/api/v1/tasks_spec.rb:44 # Tasks API GET /tasks/:id return the json for task

Randomized with seed 27082


Randomized with seed 38774

Tasks API
  GET /tasks/:id
    return the json for task
    return status code 200
  GET /tasks
    return 5 tasks from database
    return status code 200

Finished in 1.47 seconds (files took 0.33546 seconds to load)
4 examples, 0 failures

Randomized with seed 38774


Randomized with seed 1394

Tasks API
  GET /tasks/:id
    return the json for task
    return status code 200
  GET /tasks
    return status code 200
    return 5 tasks from database
  POST /tasks
    when the params are valids
      save the task in the database (FAILED - 1)
      return status code 201 (FAILED - 2)
      return the json for created task (FAILED - 3)
      assigns the created task to the current user (FAILED - 4)

Failures:

  1) Tasks API POST /tasks when the params are valids save the task in the database
     Failure/Error: post "/tasks", headers: headers, params: task_params

     ActionController::RoutingError:
       No route matches [POST] "/tasks"
     # ./spec/requests/api/v1/tasks_spec.rb:55:in `block (3 levels) in <top (required)>'
     # ./spec/rails_helper.rb:47:in `block (3 levels) in <top (required)>'
     # ./spec/rails_helper.rb:46:in `block (2 levels) in <top (required)>'
     # -e:1:in `<main>'

  2) Tasks API POST /tasks when the params are valids return status code 201
     Failure/Error: post "/tasks", headers: headers, params: task_params

     ActionController::RoutingError:
       No route matches [POST] "/tasks"
     # ./spec/requests/api/v1/tasks_spec.rb:55:in `block (3 levels) in <top (required)>'
     # ./spec/rails_helper.rb:47:in `block (3 levels) in <top (required)>'
     # ./spec/rails_helper.rb:46:in `block (2 levels) in <top (required)>'
     # -e:1:in `<main>'

  3) Tasks API POST /tasks when the params are valids return the json for created task
     Failure/Error: post "/tasks", headers: headers, params: task_params

     ActionController::RoutingError:
       No route matches [POST] "/tasks"
     # ./spec/requests/api/v1/tasks_spec.rb:55:in `block (3 levels) in <top (required)>'
     # ./spec/rails_helper.rb:47:in `block (3 levels) in <top (required)>'
     # ./spec/rails_helper.rb:46:in `block (2 levels) in <top (required)>'
     # -e:1:in `<main>'

  4) Tasks API POST /tasks when the params are valids assigns the created task to the current user
     Failure/Error: post "/tasks", headers: headers, params: task_params

     ActionController::RoutingError:
       No route matches [POST] "/tasks"
     # ./spec/requests/api/v1/tasks_spec.rb:55:in `block (3 levels) in <top (required)>'
     # ./spec/rails_helper.rb:47:in `block (3 levels) in <top (required)>'
     # ./spec/rails_helper.rb:46:in `block (2 levels) in <top (required)>'
     # -e:1:in `<main>'

Finished in 3.84 seconds (files took 3.31 seconds to load)
8 examples, 4 failures

Failed examples:

rspec ./spec/requests/api/v1/tasks_spec.rb:65 # Tasks API POST /tasks when the params are valids save the task in the database
rspec ./spec/requests/api/v1/tasks_spec.rb:61 # Tasks API POST /tasks when the params are valids return status code 201
rspec ./spec/requests/api/v1/tasks_spec.rb:69 # Tasks API POST /tasks when the params are valids return the json for created task
rspec ./spec/requests/api/v1/tasks_spec.rb:73 # Tasks API POST /tasks when the params are valids assigns the created task to the current user

Randomized with seed 1394


Randomized with seed 49571

Tasks API
  POST /tasks
    when the params are valids
      return status code 201 (FAILED - 1)
      assigns the created task to the current user (FAILED - 2)
      return the json for created task (FAILED - 3)
      save the task in the database (FAILED - 4)
  GET /tasks/:id
    return status code 200
    return the json for task
  GET /tasks
    return status code 200
    return 5 tasks from database

Failures:

  1) Tasks API POST /tasks when the params are valids return status code 201
     Failure/Error: post "/tasks", headers: headers, params: task_params

     AbstractController::ActionNotFound:
       The action 'create' could not be found for Api::V1::TasksController
     # ./spec/requests/api/v1/tasks_spec.rb:55:in `block (3 levels) in <top (required)>'
     # ./spec/rails_helper.rb:47:in `block (3 levels) in <top (required)>'
     # ./spec/rails_helper.rb:46:in `block (2 levels) in <top (required)>'
     # -e:1:in `<main>'

  2) Tasks API POST /tasks when the params are valids assigns the created task to the current user
     Failure/Error: post "/tasks", headers: headers, params: task_params

     AbstractController::ActionNotFound:
       The action 'create' could not be found for Api::V1::TasksController
     # ./spec/requests/api/v1/tasks_spec.rb:55:in `block (3 levels) in <top (required)>'
     # ./spec/rails_helper.rb:47:in `block (3 levels) in <top (required)>'
     # ./spec/rails_helper.rb:46:in `block (2 levels) in <top (required)>'
     # -e:1:in `<main>'

  3) Tasks API POST /tasks when the params are valids return the json for created task
     Failure/Error: post "/tasks", headers: headers, params: task_params

     AbstractController::ActionNotFound:
       The action 'create' could not be found for Api::V1::TasksController
     # ./spec/requests/api/v1/tasks_spec.rb:55:in `block (3 levels) in <top (required)>'
     # ./spec/rails_helper.rb:47:in `block (3 levels) in <top (required)>'
     # ./spec/rails_helper.rb:46:in `block (2 levels) in <top (required)>'
     # -e:1:in `<main>'

  4) Tasks API POST /tasks when the params are valids save the task in the database
     Failure/Error: post "/tasks", headers: headers, params: task_params

     AbstractController::ActionNotFound:
       The action 'create' could not be found for Api::V1::TasksController
     # ./spec/requests/api/v1/tasks_spec.rb:55:in `block (3 levels) in <top (required)>'
     # ./spec/rails_helper.rb:47:in `block (3 levels) in <top (required)>'
     # ./spec/rails_helper.rb:46:in `block (2 levels) in <top (required)>'
     # -e:1:in `<main>'

Finished in 1.59 seconds (files took 0.31567 seconds to load)
8 examples, 4 failures

Failed examples:

rspec ./spec/requests/api/v1/tasks_spec.rb:61 # Tasks API POST /tasks when the params are valids return status code 201
rspec ./spec/requests/api/v1/tasks_spec.rb:73 # Tasks API POST /tasks when the params are valids assigns the created task to the current user
rspec ./spec/requests/api/v1/tasks_spec.rb:69 # Tasks API POST /tasks when the params are valids return the json for created task
rspec ./spec/requests/api/v1/tasks_spec.rb:65 # Tasks API POST /tasks when the params are valids save the task in the database

Randomized with seed 49571


Randomized with seed 13977

Tasks API
  POST /tasks
    when the params are valids
      return the json for created task (FAILED - 1)
      assigns the created task to the current user (FAILED - 2)
      return status code 201 (FAILED - 3)
      save the task in the database (FAILED - 4)
  GET /tasks
    return status code 200
    return 5 tasks from database
  GET /tasks/:id
    return the json for task
    return status code 200

Failures:

  1) Tasks API POST /tasks when the params are valids return the json for created task
     Failure/Error: post "/tasks", headers: headers, params: task_params

     ActionDispatch::Http::Parameters::ParseError:
       765: unexpected token at 'title=Eos+alias+adipisci+est.&description=Earum+aut+id.+Maxime+natus+exercitationem.+Repellat+suscipit+voluptate.&deadline=2021-08-24&done=false'
     # ./spec/requests/api/v1/tasks_spec.rb:55:in `block (3 levels) in <top (required)>'
     # ./spec/rails_helper.rb:47:in `block (3 levels) in <top (required)>'
     # ./spec/rails_helper.rb:46:in `block (2 levels) in <top (required)>'
     # -e:1:in `<main>'
     # ------------------
     # --- Caused by: ---
     # JSON::ParserError:
     #   765: unexpected token at 'title=Eos+alias+adipisci+est.&description=Earum+aut+id.+Maxime+natus+exercitationem.+Repellat+suscipit+voluptate.&deadline=2021-08-24&done=false'
     #   ./spec/requests/api/v1/tasks_spec.rb:55:in `block (3 levels) in <top (required)>'

  2) Tasks API POST /tasks when the params are valids assigns the created task to the current user
     Failure/Error: post "/tasks", headers: headers, params: task_params

     ActionDispatch::Http::Parameters::ParseError:
       765: unexpected token at 'title=Eligendi+soluta+ipsum+autem.&description=Voluptatem+eos+odio.+Saepe+reprehenderit+non.+Labore+quibusdam+qui.&deadline=2021-01-17&done=false'
     # ./spec/requests/api/v1/tasks_spec.rb:55:in `block (3 levels) in <top (required)>'
     # ./spec/rails_helper.rb:47:in `block (3 levels) in <top (required)>'
     # ./spec/rails_helper.rb:46:in `block (2 levels) in <top (required)>'
     # -e:1:in `<main>'
     # ------------------
     # --- Caused by: ---
     # JSON::ParserError:
     #   765: unexpected token at 'title=Eligendi+soluta+ipsum+autem.&description=Voluptatem+eos+odio.+Saepe+reprehenderit+non.+Labore+quibusdam+qui.&deadline=2021-01-17&done=false'
     #   ./spec/requests/api/v1/tasks_spec.rb:55:in `block (3 levels) in <top (required)>'

  3) Tasks API POST /tasks when the params are valids return status code 201
     Failure/Error: post "/tasks", headers: headers, params: task_params

     ActionDispatch::Http::Parameters::ParseError:
       765: unexpected token at 'title=Qui+ut+enim+impedit.&description=Sapiente+aperiam+qui.+Sit+qui+est.+Sit+et+exercitationem.&deadline=2021-03-14&done=false'
     # ./spec/requests/api/v1/tasks_spec.rb:55:in `block (3 levels) in <top (required)>'
     # ./spec/rails_helper.rb:47:in `block (3 levels) in <top (required)>'
     # ./spec/rails_helper.rb:46:in `block (2 levels) in <top (required)>'
     # -e:1:in `<main>'
     # ------------------
     # --- Caused by: ---
     # JSON::ParserError:
     #   765: unexpected token at 'title=Qui+ut+enim+impedit.&description=Sapiente+aperiam+qui.+Sit+qui+est.+Sit+et+exercitationem.&deadline=2021-03-14&done=false'
     #   ./spec/requests/api/v1/tasks_spec.rb:55:in `block (3 levels) in <top (required)>'

  4) Tasks API POST /tasks when the params are valids save the task in the database
     Failure/Error: post "/tasks", headers: headers, params: task_params

     ActionDispatch::Http::Parameters::ParseError:
       765: unexpected token at 'title=Et+iste+dolores+et.&description=Deleniti+distinctio+inventore.+Et+sit+sint.+Enim+quia+itaque.&deadline=2021-06-16&done=false'
     # ./spec/requests/api/v1/tasks_spec.rb:55:in `block (3 levels) in <top (required)>'
     # ./spec/rails_helper.rb:47:in `block (3 levels) in <top (required)>'
     # ./spec/rails_helper.rb:46:in `block (2 levels) in <top (required)>'
     # -e:1:in `<main>'
     # ------------------
     # --- Caused by: ---
     # JSON::ParserError:
     #   765: unexpected token at 'title=Et+iste+dolores+et.&description=Deleniti+distinctio+inventore.+Et+sit+sint.+Enim+quia+itaque.&deadline=2021-06-16&done=false'
     #   ./spec/requests/api/v1/tasks_spec.rb:55:in `block (3 levels) in <top (required)>'

Finished in 1.59 seconds (files took 0.31661 seconds to load)
8 examples, 4 failures

Failed examples:

rspec ./spec/requests/api/v1/tasks_spec.rb:69 # Tasks API POST /tasks when the params are valids return the json for created task
rspec ./spec/requests/api/v1/tasks_spec.rb:73 # Tasks API POST /tasks when the params are valids assigns the created task to the current user
rspec ./spec/requests/api/v1/tasks_spec.rb:61 # Tasks API POST /tasks when the params are valids return status code 201
rspec ./spec/requests/api/v1/tasks_spec.rb:65 # Tasks API POST /tasks when the params are valids save the task in the database

Randomized with seed 13977


Randomized with seed 64475

Tasks API
  GET /tasks/:id
    return status code 200
    return the json for task
  GET /tasks
    return status code 200
    return 5 tasks from database
  POST /tasks
    when the params are valids
      return status code 201 (FAILED - 1)
      return the json for created task (FAILED - 2)
      assigns the created task to the current user (FAILED - 3)
      save the task in the database (FAILED - 4)

Failures:

  1) Tasks API POST /tasks when the params are valids return status code 201
     Failure/Error: expect(response).to have_http_status(201)
       expected the response to have status code 201 but it was 204
     # ./spec/requests/api/v1/tasks_spec.rb:62:in `block (4 levels) in <top (required)>'
     # ./spec/rails_helper.rb:47:in `block (3 levels) in <top (required)>'
     # ./spec/rails_helper.rb:46:in `block (2 levels) in <top (required)>'
     # -e:1:in `<main>'

  2) Tasks API POST /tasks when the params are valids return the json for created task
     Failure/Error: @json_body ||= JSON.parse(response.body, symbolize_names: true)

     JSON::ParserError:
       765: unexpected token at ''
     # ./spec/support/request_spec_helper.rb:3:in `json_body'
     # ./spec/requests/api/v1/tasks_spec.rb:70:in `block (4 levels) in <top (required)>'
     # ./spec/rails_helper.rb:47:in `block (3 levels) in <top (required)>'
     # ./spec/rails_helper.rb:46:in `block (2 levels) in <top (required)>'
     # -e:1:in `<main>'

  3) Tasks API POST /tasks when the params are valids assigns the created task to the current user
     Failure/Error: @json_body ||= JSON.parse(response.body, symbolize_names: true)

     JSON::ParserError:
       765: unexpected token at ''
     # ./spec/support/request_spec_helper.rb:3:in `json_body'
     # ./spec/requests/api/v1/tasks_spec.rb:74:in `block (4 levels) in <top (required)>'
     # ./spec/rails_helper.rb:47:in `block (3 levels) in <top (required)>'
     # ./spec/rails_helper.rb:46:in `block (2 levels) in <top (required)>'
     # -e:1:in `<main>'

  4) Tasks API POST /tasks when the params are valids save the task in the database
     Failure/Error: expect(Task.find_by(title: task_params[:title])).not_t be_nil

     NoMethodError:
       undefined method `not_t' for #<RSpec::Expectations::ExpectationTarget:0x00005636893e7360>
       Did you mean?  not_to
     # ./spec/requests/api/v1/tasks_spec.rb:66:in `block (4 levels) in <top (required)>'
     # ./spec/rails_helper.rb:47:in `block (3 levels) in <top (required)>'
     # ./spec/rails_helper.rb:46:in `block (2 levels) in <top (required)>'
     # -e:1:in `<main>'

Finished in 1.67 seconds (files took 0.28818 seconds to load)
8 examples, 4 failures

Failed examples:

rspec ./spec/requests/api/v1/tasks_spec.rb:61 # Tasks API POST /tasks when the params are valids return status code 201
rspec ./spec/requests/api/v1/tasks_spec.rb:69 # Tasks API POST /tasks when the params are valids return the json for created task
rspec ./spec/requests/api/v1/tasks_spec.rb:73 # Tasks API POST /tasks when the params are valids assigns the created task to the current user
rspec ./spec/requests/api/v1/tasks_spec.rb:65 # Tasks API POST /tasks when the params are valids save the task in the database

Randomized with seed 64475


Randomized with seed 54118

Tasks API
  POST /tasks
    when the params are valids
      save the task in the database (FAILED - 1)
      return the json for created task
      return status code 201
      assigns the created task to the current user
  GET /tasks
    return 5 tasks from database
    return status code 200
  GET /tasks/:id
    return status code 200
    return the json for task

Failures:

  1) Tasks API POST /tasks when the params are valids save the task in the database
     Failure/Error: expect(Task.find_by(title: task_params[:title])).not_t be_nil

     NoMethodError:
       undefined method `not_t' for #<RSpec::Expectations::ExpectationTarget:0x000056368921a168>
       Did you mean?  not_to
     # ./spec/requests/api/v1/tasks_spec.rb:66:in `block (4 levels) in <top (required)>'
     # ./spec/rails_helper.rb:47:in `block (3 levels) in <top (required)>'
     # ./spec/rails_helper.rb:46:in `block (2 levels) in <top (required)>'
     # -e:1:in `<main>'

Finished in 1.53 seconds (files took 0.24678 seconds to load)
8 examples, 1 failure

Failed examples:

rspec ./spec/requests/api/v1/tasks_spec.rb:65 # Tasks API POST /tasks when the params are valids save the task in the database

Randomized with seed 54118


Randomized with seed 53650

Tasks API
  POST /tasks
    when the params are valids
      return status code 201
      return the json for created task
      assigns the created task to the current user
      save the task in the database
  GET /tasks
    return status code 200
    return 5 tasks from database
  GET /tasks/:id
    return status code 200
    return the json for task

Finished in 1.28 seconds (files took 0.25319 seconds to load)
8 examples, 0 failures

Randomized with seed 53650


Randomized with seed 60008

Tasks API
  GET /tasks
    return status code 200
    return 5 tasks from database
  GET /tasks/:id
    return the json for task
    return status code 200
  POST /tasks
    when the params aren't valids
      returns status code 422 (FAILED - 1)
      doesn't save task in the database
      return json error for title (FAILED - 2)
    when the params are valids
      save the task in the database
      assigns the created task to the current user
      return the json for created task
      return status code 201

Failures:

  1) Tasks API POST /tasks when the params aren't valids returns status code 422
     Failure/Error: expect(response).to have_http_status(422)
       expected the response to have status code 422 but it was 201
     # ./spec/requests/api/v1/tasks_spec.rb:84:in `block (4 levels) in <top (required)>'
     # ./spec/rails_helper.rb:47:in `block (3 levels) in <top (required)>'
     # ./spec/rails_helper.rb:46:in `block (2 levels) in <top (required)>'
     # -e:1:in `<main>'

  2) Tasks API POST /tasks when the params aren't valids return json error for title
     Failure/Error: expect(json_body[:errors]).to have_key(:title)
       expected  to respond to `has_key?`
     # ./spec/requests/api/v1/tasks_spec.rb:92:in `block (4 levels) in <top (required)>'
     # ./spec/rails_helper.rb:47:in `block (3 levels) in <top (required)>'
     # ./spec/rails_helper.rb:46:in `block (2 levels) in <top (required)>'
     # -e:1:in `<main>'

Finished in 2.14 seconds (files took 0.26094 seconds to load)
11 examples, 2 failures

Failed examples:

rspec ./spec/requests/api/v1/tasks_spec.rb:83 # Tasks API POST /tasks when the params aren't valids returns status code 422
rspec ./spec/requests/api/v1/tasks_spec.rb:91 # Tasks API POST /tasks when the params aren't valids return json error for title

Randomized with seed 60008


Randomized with seed 20799

Tasks API
  GET /tasks
    return 5 tasks from database
    return status code 200
  POST /tasks
    when the params aren't valids
      returns status code 422
      return json error for title (FAILED - 1)
      doesn't save task in the database
    when the params are valids
      return status code 201
      save the task in the database
      assigns the created task to the current user
      return the json for created task
  GET /tasks/:id
    return the json for task
    return status code 200

Failures:

  1) Tasks API POST /tasks when the params aren't valids return json error for title
     Failure/Error: expect(json_body[:errors]).to has_key(:title)

     NoMethodError:
       undefined method `has_key' for #<RSpec::ExampleGroups::TasksAPI::POSTTasks::WhenTheParamsArenTValids:0x00005636893e5358>
     # ./spec/requests/api/v1/tasks_spec.rb:92:in `block (4 levels) in <top (required)>'
     # ./spec/rails_helper.rb:47:in `block (3 levels) in <top (required)>'
     # ./spec/rails_helper.rb:46:in `block (2 levels) in <top (required)>'
     # -e:1:in `<main>'

Finished in 1.88 seconds (files took 0.25096 seconds to load)
11 examples, 1 failure

Failed examples:

rspec ./spec/requests/api/v1/tasks_spec.rb:91 # Tasks API POST /tasks when the params aren't valids return json error for title

Randomized with seed 20799


Randomized with seed 43450

Tasks API
  GET /tasks/:id
    return the json for task
    return status code 200
  POST /tasks
    when the params aren't valids
      returns status code 422
      return json error for title
      doesn't save task in the database
    when the params are valids
      assigns the created task to the current user
      return status code 201
      save the task in the database
      return the json for created task
  GET /tasks
    return status code 200
    return 5 tasks from database

Finished in 1.72 seconds (files took 0.25103 seconds to load)
11 examples, 0 failures

Randomized with seed 43450


Randomized with seed 50494

Tasks API
  GET /tasks
    return status code 200
    return 5 tasks from database
  POST /tasks
    when the params aren't valids
      return json error for title
      returns status code 422
      doesn't save task in the database
    when the params are valids
      assigns the created task to the current user
      return status code 201
      return the json for created task
      save the task in the database
  PUT /tasks/:id
    when the params are valids
      returns status code 200 (FAILED - 1)
      updates the task in the database (FAILED - 2)
      returns the json update task (FAILED - 3)
  GET /tasks/:id
    return the json for task
    return status code 200

Failures:

  1) Tasks API PUT /tasks/:id when the params are valids returns status code 200
     Failure/Error: put "/task/#{task.id}", headers: headers, params:{ task: task_params }.to_json

     ActionController::RoutingError:
       No route matches [PUT] "/task/15"
     # ./spec/requests/api/v1/tasks_spec.rb:104:in `block (3 levels) in <top (required)>'
     # ./spec/rails_helper.rb:47:in `block (3 levels) in <top (required)>'
     # ./spec/rails_helper.rb:46:in `block (2 levels) in <top (required)>'
     # -e:1:in `<main>'

  2) Tasks API PUT /tasks/:id when the params are valids updates the task in the database
     Failure/Error: put "/task/#{task.id}", headers: headers, params:{ task: task_params }.to_json

     ActionController::RoutingError:
       No route matches [PUT] "/task/16"
     # ./spec/requests/api/v1/tasks_spec.rb:104:in `block (3 levels) in <top (required)>'
     # ./spec/rails_helper.rb:47:in `block (3 levels) in <top (required)>'
     # ./spec/rails_helper.rb:46:in `block (2 levels) in <top (required)>'
     # -e:1:in `<main>'

  3) Tasks API PUT /tasks/:id when the params are valids returns the json update task
     Failure/Error: put "/task/#{task.id}", headers: headers, params:{ task: task_params }.to_json

     ActionController::RoutingError:
       No route matches [PUT] "/task/17"
     # ./spec/requests/api/v1/tasks_spec.rb:104:in `block (3 levels) in <top (required)>'
     # ./spec/rails_helper.rb:47:in `block (3 levels) in <top (required)>'
     # ./spec/rails_helper.rb:46:in `block (2 levels) in <top (required)>'
     # -e:1:in `<main>'

Finished in 2.24 seconds (files took 0.24569 seconds to load)
14 examples, 3 failures

Failed examples:

rspec ./spec/requests/api/v1/tasks_spec.rb:110 # Tasks API PUT /tasks/:id when the params are valids returns status code 200
rspec ./spec/requests/api/v1/tasks_spec.rb:118 # Tasks API PUT /tasks/:id when the params are valids updates the task in the database
rspec ./spec/requests/api/v1/tasks_spec.rb:114 # Tasks API PUT /tasks/:id when the params are valids returns the json update task

Randomized with seed 50494


Randomized with seed 62390

Tasks API
  GET /tasks
    return 5 tasks from database
    return status code 200
  PUT /tasks/:id
    when the params are valids
      returns the json update task (FAILED - 1)
      updates the task in the database (FAILED - 2)
      returns status code 200 (FAILED - 3)
  GET /tasks/:id
    return the json for task
    return status code 200
  POST /tasks
    when the params are valids
      assigns the created task to the current user
      save the task in the database
      return the json for created task
      return status code 201
    when the params aren't valids
      doesn't save task in the database
      return json error for title
      returns status code 422

Failures:

  1) Tasks API PUT /tasks/:id when the params are valids returns the json update task
     Failure/Error: put "/task/#{task.id}", headers: headers, params:{ task: task_params }.to_json

     ActionController::RoutingError:
       No route matches [PUT] "/task/11"
     # ./spec/requests/api/v1/tasks_spec.rb:104:in `block (3 levels) in <top (required)>'
     # ./spec/rails_helper.rb:47:in `block (3 levels) in <top (required)>'
     # ./spec/rails_helper.rb:46:in `block (2 levels) in <top (required)>'
     # -e:1:in `<main>'

  2) Tasks API PUT /tasks/:id when the params are valids updates the task in the database
     Failure/Error: put "/task/#{task.id}", headers: headers, params:{ task: task_params }.to_json

     ActionController::RoutingError:
       No route matches [PUT] "/task/12"
     # ./spec/requests/api/v1/tasks_spec.rb:104:in `block (3 levels) in <top (required)>'
     # ./spec/rails_helper.rb:47:in `block (3 levels) in <top (required)>'
     # ./spec/rails_helper.rb:46:in `block (2 levels) in <top (required)>'
     # -e:1:in `<main>'

  3) Tasks API PUT /tasks/:id when the params are valids returns status code 200
     Failure/Error: put "/task/#{task.id}", headers: headers, params:{ task: task_params }.to_json

     ActionController::RoutingError:
       No route matches [PUT] "/task/13"
     # ./spec/requests/api/v1/tasks_spec.rb:104:in `block (3 levels) in <top (required)>'
     # ./spec/rails_helper.rb:47:in `block (3 levels) in <top (required)>'
     # ./spec/rails_helper.rb:46:in `block (2 levels) in <top (required)>'
     # -e:1:in `<main>'

Finished in 2.02 seconds (files took 0.23933 seconds to load)
14 examples, 3 failures

Failed examples:

rspec ./spec/requests/api/v1/tasks_spec.rb:114 # Tasks API PUT /tasks/:id when the params are valids returns the json update task
rspec ./spec/requests/api/v1/tasks_spec.rb:118 # Tasks API PUT /tasks/:id when the params are valids updates the task in the database
rspec ./spec/requests/api/v1/tasks_spec.rb:110 # Tasks API PUT /tasks/:id when the params are valids returns status code 200

Randomized with seed 62390


Randomized with seed 58952

Tasks API
  GET /tasks
    return 5 tasks from database
    return status code 200
  GET /tasks/:id
    return the json for task
    return status code 200
  POST /tasks
    when the params are valids
      save the task in the database
      return status code 201
      assigns the created task to the current user
      return the json for created task
    when the params aren't valids
      return json error for title
      doesn't save task in the database
      returns status code 422
  PUT /tasks/:id
    when the params are valids
      returns status code 200 (FAILED - 1)
      returns the json update task (FAILED - 2)
      updates the task in the database (FAILED - 3)

Failures:

  1) Tasks API PUT /tasks/:id when the params are valids returns status code 200
     Failure/Error: put "/task/#{task.id}", headers: headers, params:{ task: task_params }.to_json

     ActionController::RoutingError:
       No route matches [PUT] "/task/17"
     # ./spec/requests/api/v1/tasks_spec.rb:104:in `block (3 levels) in <top (required)>'
     # ./spec/rails_helper.rb:47:in `block (3 levels) in <top (required)>'
     # ./spec/rails_helper.rb:46:in `block (2 levels) in <top (required)>'
     # -e:1:in `<main>'

  2) Tasks API PUT /tasks/:id when the params are valids returns the json update task
     Failure/Error: put "/task/#{task.id}", headers: headers, params:{ task: task_params }.to_json

     ActionController::RoutingError:
       No route matches [PUT] "/task/18"
     # ./spec/requests/api/v1/tasks_spec.rb:104:in `block (3 levels) in <top (required)>'
     # ./spec/rails_helper.rb:47:in `block (3 levels) in <top (required)>'
     # ./spec/rails_helper.rb:46:in `block (2 levels) in <top (required)>'
     # -e:1:in `<main>'

  3) Tasks API PUT /tasks/:id when the params are valids updates the task in the database
     Failure/Error: put "/task/#{task.id}", headers: headers, params:{ task: task_params }.to_json

     ActionController::RoutingError:
       No route matches [PUT] "/task/19"
     # ./spec/requests/api/v1/tasks_spec.rb:104:in `block (3 levels) in <top (required)>'
     # ./spec/rails_helper.rb:47:in `block (3 levels) in <top (required)>'
     # ./spec/rails_helper.rb:46:in `block (2 levels) in <top (required)>'
     # -e:1:in `<main>'

Finished in 3.47 seconds (files took 0.35503 seconds to load)
14 examples, 3 failures

Failed examples:

rspec ./spec/requests/api/v1/tasks_spec.rb:110 # Tasks API PUT /tasks/:id when the params are valids returns status code 200
rspec ./spec/requests/api/v1/tasks_spec.rb:114 # Tasks API PUT /tasks/:id when the params are valids returns the json update task
rspec ./spec/requests/api/v1/tasks_spec.rb:118 # Tasks API PUT /tasks/:id when the params are valids updates the task in the database

Randomized with seed 58952


Randomized with seed 21161

Tasks API
  GET /tasks/:id
    return status code 200
    return the json for task
  PUT /tasks/:id
    when the params are valids
      returns the json update task (FAILED - 1)
      updates the task in the database (FAILED - 2)
      returns status code 200 (FAILED - 3)
  GET /tasks
    return 5 tasks from database
    return status code 200
  POST /tasks
    when the params are valids
      assigns the created task to the current user
      return the json for created task
      save the task in the database
      return status code 201
    when the params aren't valids
      doesn't save task in the database
      return json error for title
      returns status code 422

Failures:

  1) Tasks API PUT /tasks/:id when the params are valids returns the json update task
     Failure/Error: put "/task/#{task.id}", headers: headers, params:{ task: task_params }.to_json

     ActionController::RoutingError:
       No route matches [PUT] "/task/3"
     # ./spec/requests/api/v1/tasks_spec.rb:104:in `block (3 levels) in <top (required)>'
     # ./spec/rails_helper.rb:47:in `block (3 levels) in <top (required)>'
     # ./spec/rails_helper.rb:46:in `block (2 levels) in <top (required)>'
     # -e:1:in `<main>'

  2) Tasks API PUT /tasks/:id when the params are valids updates the task in the database
     Failure/Error: put "/task/#{task.id}", headers: headers, params:{ task: task_params }.to_json

     ActionController::RoutingError:
       No route matches [PUT] "/task/4"
     # ./spec/requests/api/v1/tasks_spec.rb:104:in `block (3 levels) in <top (required)>'
     # ./spec/rails_helper.rb:47:in `block (3 levels) in <top (required)>'
     # ./spec/rails_helper.rb:46:in `block (2 levels) in <top (required)>'
     # -e:1:in `<main>'

  3) Tasks API PUT /tasks/:id when the params are valids returns status code 200
     Failure/Error: put "/task/#{task.id}", headers: headers, params:{ task: task_params }.to_json

     ActionController::RoutingError:
       No route matches [PUT] "/task/5"
     # ./spec/requests/api/v1/tasks_spec.rb:104:in `block (3 levels) in <top (required)>'
     # ./spec/rails_helper.rb:47:in `block (3 levels) in <top (required)>'
     # ./spec/rails_helper.rb:46:in `block (2 levels) in <top (required)>'
     # -e:1:in `<main>'

Finished in 2.45 seconds (files took 0.26635 seconds to load)
14 examples, 3 failures

Failed examples:

rspec ./spec/requests/api/v1/tasks_spec.rb:114 # Tasks API PUT /tasks/:id when the params are valids returns the json update task
rspec ./spec/requests/api/v1/tasks_spec.rb:118 # Tasks API PUT /tasks/:id when the params are valids updates the task in the database
rspec ./spec/requests/api/v1/tasks_spec.rb:110 # Tasks API PUT /tasks/:id when the params are valids returns status code 200

Randomized with seed 21161


Randomized with seed 43099

Tasks API
  GET /tasks/:id
    return status code 200
    return the json for task
  GET /tasks
    return status code 200
    return 5 tasks from database
  PUT /tasks/:id
    when the params are valids
      returns the json update task (FAILED - 1)
      updates the task in the database (FAILED - 2)
      returns status code 200 (FAILED - 3)
  POST /tasks
    when the params are valids
      return the json for created task
      save the task in the database
      return status code 201
      assigns the created task to the current user
    when the params aren't valids
      return json error for title
      doesn't save task in the database
      returns status code 422

Failures:

  1) Tasks API PUT /tasks/:id when the params are valids returns the json update task
     Failure/Error: put "/task/#{task.id}", headers: headers, params:{ task: task_params }.to_json

     ActionController::RoutingError:
       No route matches [PUT] "/task/13"
     # ./spec/requests/api/v1/tasks_spec.rb:104:in `block (3 levels) in <top (required)>'
     # ./spec/rails_helper.rb:47:in `block (3 levels) in <top (required)>'
     # ./spec/rails_helper.rb:46:in `block (2 levels) in <top (required)>'
     # -e:1:in `<main>'

  2) Tasks API PUT /tasks/:id when the params are valids updates the task in the database
     Failure/Error: put "/task/#{task.id}", headers: headers, params:{ task: task_params }.to_json

     ActionController::RoutingError:
       No route matches [PUT] "/task/14"
     # ./spec/requests/api/v1/tasks_spec.rb:104:in `block (3 levels) in <top (required)>'
     # ./spec/rails_helper.rb:47:in `block (3 levels) in <top (required)>'
     # ./spec/rails_helper.rb:46:in `block (2 levels) in <top (required)>'
     # -e:1:in `<main>'

  3) Tasks API PUT /tasks/:id when the params are valids returns status code 200
     Failure/Error: put "/task/#{task.id}", headers: headers, params:{ task: task_params }.to_json

     ActionController::RoutingError:
       No route matches [PUT] "/task/15"
     # ./spec/requests/api/v1/tasks_spec.rb:104:in `block (3 levels) in <top (required)>'
     # ./spec/rails_helper.rb:47:in `block (3 levels) in <top (required)>'
     # ./spec/rails_helper.rb:46:in `block (2 levels) in <top (required)>'
     # -e:1:in `<main>'

Finished in 1.96 seconds (files took 0.27439 seconds to load)
14 examples, 3 failures

Failed examples:

rspec ./spec/requests/api/v1/tasks_spec.rb:114 # Tasks API PUT /tasks/:id when the params are valids returns the json update task
rspec ./spec/requests/api/v1/tasks_spec.rb:118 # Tasks API PUT /tasks/:id when the params are valids updates the task in the database
rspec ./spec/requests/api/v1/tasks_spec.rb:110 # Tasks API PUT /tasks/:id when the params are valids returns status code 200

Randomized with seed 43099


Randomized with seed 58441

Tasks API
  GET /tasks/:id
    return status code 200
    return the json for task
  GET /tasks
    return 5 tasks from database
    return status code 200
  PUT /tasks/:id
    when the params are valids
      returns status code 200
      returns the json update task
      updates the task in the database
  POST /tasks
    when the params are valids
      save the task in the database
      assigns the created task to the current user
      return status code 201
      return the json for created task
    when the params aren't valids
      doesn't save task in the database
      returns status code 422
      return json error for title

Finished in 1.85 seconds (files took 0.27067 seconds to load)
14 examples, 0 failures

Randomized with seed 58441


Randomized with seed 23475

Tasks API
  POST /tasks
    when the params aren't valids
      returns status code 422
      return json error for title
      doesn't save task in the database
    when the params are valids
      save the task in the database
      return status code 201
      return the json for created task
      assigns the created task to the current user
  GET /tasks
    return 5 tasks from database
    return status code 200
  PUT /tasks/:id
    when the params are valids
      returns status code 200
      returns the json update task
      updates the task in the database
  GET /tasks/:id
    return the json for task
    return status code 200

Finished in 1.82 seconds (files took 0.25445 seconds to load)
14 examples, 0 failures

Randomized with seed 23475


An error occurred while loading ./spec/requests/api/v1/tasks_spec.rb.
Failure/Error: return load_without_bootsnap(resolved, wrap)

SyntaxError:
  /workspace/hook-api/spec/requests/api/v1/tasks_spec.rb:143: syntax error, unexpected end-of-input, expecting keyword_end
# -e:1:in `<main>'
No examples found.

Finished in 0.00003 seconds (files took 0.16207 seconds to load)
0 examples, 0 failures, 1 error occurred outside of examples


Randomized with seed 48938

Tasks API
  GET /tasks
    return status code 200
    return 5 tasks from database
  POST /tasks
    when the params are valids
      return the json for created task
      save the task in the database
      assigns the created task to the current user
      return status code 201
    when the params aren't valids
      returns status code 422
      doesn't save task in the database
      return json error for title
  GET /tasks/:id
    return status code 200
    return the json for task
  PUT /tasks/:id
    when the params are valids
      returns the json update task
      updates the task in the database
      returns status code 200
    when the params aren't valids
      returns status code 422 (FAILED - 1)
      returns the json error title (FAILED - 2)
      doesn't update the task in the database

Failures:

  1) Tasks API PUT /tasks/:id when the params aren't valids returns status code 422
     Failure/Error: expect(response).to have_http_status(422)
       expected the response to have status code 422 but it was 200
     # ./spec/requests/api/v1/tasks_spec.rb:130:in `block (4 levels) in <top (required)>'
     # ./spec/rails_helper.rb:47:in `block (3 levels) in <top (required)>'
     # ./spec/rails_helper.rb:46:in `block (2 levels) in <top (required)>'
     # -e:1:in `<main>'

  2) Tasks API PUT /tasks/:id when the params aren't valids returns the json error title
     Failure/Error: expect(json_body[:errors]).to have_key(:title)
       expected  to respond to `has_key?`
     # ./spec/requests/api/v1/tasks_spec.rb:134:in `block (4 levels) in <top (required)>'
     # ./spec/rails_helper.rb:47:in `block (3 levels) in <top (required)>'
     # ./spec/rails_helper.rb:46:in `block (2 levels) in <top (required)>'
     # -e:1:in `<main>'

Finished in 2.57 seconds (files took 0.25207 seconds to load)
17 examples, 2 failures

Failed examples:

rspec ./spec/requests/api/v1/tasks_spec.rb:129 # Tasks API PUT /tasks/:id when the params aren't valids returns status code 422
rspec ./spec/requests/api/v1/tasks_spec.rb:133 # Tasks API PUT /tasks/:id when the params aren't valids returns the json error title

Randomized with seed 48938


Randomized with seed 31661

Tasks API
  POST /tasks
    when the params aren't valids
      doesn't save task in the database
      return json error for title
      returns status code 422
    when the params are valids
      save the task in the database
      return status code 201
      assigns the created task to the current user
      return the json for created task
  GET /tasks/:id
    return the json for task
    return status code 200
  PUT /tasks/:id
    when the params aren't valids
      returns status code 422
      returns the json error title
      doesn't update the task in the database
    when the params are valids
      returns the json update task
      returns status code 200
      updates the task in the database
  GET /tasks
    return 5 tasks from database
    return status code 200

Finished in 2.72 seconds (files took 0.27703 seconds to load)
17 examples, 0 failures

Randomized with seed 31661

